<?xml version="1.0" encoding="UTF-8"?>
<!-- Generated by org.testng.reporters.JUnitXMLReporter -->
<testsuite ignored="0" hostname="Udits-Air" failures="0" tests="5" name="Surefire test" time="0.026" errors="0" timestamp="2022-04-03T23:33:42 IST">
  <testcase classname="AppiumTest" name="mobileView on mobileView(AppiumTest)" time="0.005"/>
  <testcase classname="APITest" name="serviceResponse on serviceResponse(APITest)" time="0.0"/>
  <testcase classname="org.example.AppTest" name="shouldAnswerWithTrue on shouldAnswerWithTrue(org.example.AppTest)" time="0.0"/>
  <testcase classname="SeleniumTest" name="logout on logout(SeleniumTest)" time="0.0"/>
  <testcase classname="SeleniumTest" name="login on login(SeleniumTest)" time="0.0"/>
</testsuite> <!-- Surefire test -->
