<?xml version="1.0" encoding="UTF-8"?>
<testng-results ignored="0" total="4" passed="4" failed="0" skipped="0">
  <reporter-output>
  </reporter-output>
  <suite started-at="2022-04-04T00:09:24 IST" name="All Test Suite" finished-at="2022-04-04T00:09:24 IST" duration-ms="16">
    <groups>
    </groups>
    <test started-at="2022-04-04T00:09:24 IST" name="Maven Project" finished-at="2022-04-04T00:09:24 IST" duration-ms="16">
      <class name="AppiumTest">
        <test-method signature="mobileView()[pri:0, instance:AppiumTest@21507a04]" started-at="2022-04-04T00:09:24 IST" name="mobileView" finished-at="2022-04-04T00:09:24 IST" duration-ms="0" status="PASS">
          <reporter-output>
          </reporter-output>
        </test-method> <!-- mobileView -->
      </class> <!-- AppiumTest -->
      <class name="APITest">
        <test-method signature="serviceResponse()[pri:0, instance:APITest@6b419da]" started-at="2022-04-04T00:09:24 IST" name="serviceResponse" finished-at="2022-04-04T00:09:24 IST" duration-ms="1" status="PASS">
          <reporter-output>
          </reporter-output>
        </test-method> <!-- serviceResponse -->
      </class> <!-- APITest -->
      <class name="SeleniumTest">
        <test-method signature="login()[pri:0, instance:SeleniumTest@143640d5]" started-at="2022-04-04T00:09:24 IST" name="login" finished-at="2022-04-04T00:09:24 IST" duration-ms="0" status="PASS">
          <reporter-output>
          </reporter-output>
        </test-method> <!-- login -->
        <test-method signature="logout()[pri:0, instance:SeleniumTest@143640d5]" started-at="2022-04-04T00:09:24 IST" name="logout" finished-at="2022-04-04T00:09:24 IST" duration-ms="0" status="PASS">
          <reporter-output>
          </reporter-output>
        </test-method> <!-- logout -->
      </class> <!-- SeleniumTest -->
    </test> <!-- Maven Project -->
  </suite> <!-- All Test Suite -->
</testng-results>
