<?xml version="1.0" encoding="UTF-8"?>
<!-- Generated by org.testng.reporters.JUnitXMLReporter -->
<testsuite ignored="0" hostname="Udits-Air" failures="0" tests="4" name="Maven Project" time="0.016" errors="0" timestamp="2022-04-04T00:09:24 IST">
  <testcase classname="APITest" name="serviceResponse" time="0.001"/>
  <testcase classname="AppiumTest" name="mobileView" time="0.0"/>
  <testcase classname="SeleniumTest" name="login" time="0.0"/>
  <testcase classname="SeleniumTest" name="logout" time="0.0"/>
</testsuite> <!-- Maven Project -->
